<?xml version="1.0" encoding="UTF-8"?>
<testsuite xmlns:xsi="http://www.w3.org/2001/XMLSchema-instance" xsi:noNamespaceSchemaLocation="https://maven.apache.org/surefire/maven-surefire-plugin/xsd/surefire-test-report.xsd" name="TestRunners.TestRunner" time="318.705" tests="15" errors="0" skipped="0" failures="0">
  <properties>
[...]
</properties>
  <testcase name="Verify user should tap on my gov button" classname="Verify User is able to do login #1" time="20.451"/>
  <testcase name="I am on homepage and I search for specific name" classname="Search for specific client name" time="40.051"/>
  <testcase name="User serach for specific Quarter" classname="Searching for specific Quarter #1" time="14.691"/>
  <testcase name="User want to extract the values for JULY Quarter" classname="Extracting data values from a Quarter" time="41.971"/>
  <testcase name="User is on client Home page" classname="Extracting ICA Statement" time="36.537"/>
  <testcase name="close the ATO Portal" classname="close the ATO Portal" time="6.34"/>
  <testcase name="Verify user is on Login Page" classname="Verify User is able to do login #2" time="18.455"/>
  <testcase name="Verify user able to pass security Answer" classname="Verify User is able to do login by passing security questions" time="8.275"/>
  <testcase name="User serach for specific Quarter" classname="Searching for specific Quarter #2" time="25.883"/>
  <testcase name="User want to extract client Activity statement page" classname="Extract the Activity statement values from xero software" time="12.317"/>
  <testcase name="User want to extract Aged Recievable summary values" classname="Extract the Aged Recievable summary values from xero software" time="26.805"/>
  <testcase name="User want to extract Aged payable summary values" classname="Extract the Aged payable summary values from xero software" time="25.381"/>
  <testcase name="User want to extract Balance Sheet Values" classname="Extract the Balance Sheet Values from xero software" time="14.154"/>
  <testcase name="User want to extract the GST Reconciliation statement of client" classname="Extracting GST Reconicliatio values" time="20.566"/>
  <testcase name="User found the data" classname="Genrating the final excel" time="6.462"/>
</testsuite>