<?xml version="1.0" encoding="UTF-8"?>
<testsuite xmlns:xsi="http://www.w3.org/2001/XMLSchema-instance" xsi:noNamespaceSchemaLocation="https://maven.apache.org/surefire/maven-surefire-plugin/xsd/surefire-test-report-3.0.xsd" version="3.0" name="TestRunners.TestRunner" time="419.431" tests="15" errors="0" skipped="0" failures="0">
  <properties>
[...]
</properties>
  <testcase name="Verify user should tap on my gov button" classname="Verify User is able to do login #1" time="23.158">
    <system-out><![CDATA[
@order1 @readATOExcel
Scenario: Verify user should tap on my gov button &amp#27;[90m# src/test/resources/Features/1test_ATOLogin.feature:4&amp#27;[0m
Running before each scenario
Reading ato excel 
{jul_quater=Jul 2022 – Sep 2022 Business activity statement, from_date=01-Jul-2022, to_date=30-Jun-2023, jan_quarter=Jan 2023 – Mar 2023 Business activity statement, apr_quarter=Apr 2023 – Jun 2023 Business activity statement, oct_quarter=Oct 2022 – Dec 2022 Business activity statement, client_name=Carnarvon Regional Labour Hire Pty Ltd}
Running before each step
  &amp#27;[32mGiven &amp#27;[0m&amp#27;[32mUser launch website&amp#27;[0m                       &amp#27;[90m# StepDefinition.ATOLoginStep.user_launch_website()&amp#27;[0m
Running before each step
  &amp#27;[32mWhen &amp#27;[0m&amp#27;[32muser tap on my gov button&amp#27;[0m                  &amp#27;[90m# StepDefinition.ATOLoginStep.user_tap_on_my_gov_button()&amp#27;[0m
Running before each step
user redirected to login screen
  &amp#27;[32mThen &amp#27;[0m&amp#27;[32muser must redirected to login screen&amp#27;[0m       &amp#27;[90m# StepDefinition.ATOLoginStep.user_must_redirected_to_login_screen()&amp#27;[0m
Running before each step
  &amp#27;[32mWhen &amp#27;[0m&amp#27;[32muser do login as per provided in excel&amp#27;[0m     &amp#27;[90m# StepDefinition.ATOLoginStep.user_do_login_as_per_provided_in_excel()&amp#27;[0m
Running before each step
  &amp#27;[32mAnd &amp#27;[0m&amp#27;[32mclick on login button&amp#27;[0m                       &amp#27;[90m# StepDefinition.ATOLoginStep.click_on_login_button()&amp#27;[0m
Running after each scenario
]]></system-out>
    <system-err><![CDATA[Mar 13, 2024 5:28:08 PM org.openqa.selenium.devtools.CdpVersionFinder findNearestMatch
WARNING: Unable to find an exact match for CDP version 122, returning the closest version; found: 121; Please update to a Selenium version that supports CDP version 122
]]></system-err>
  </testcase>
  <testcase name="I am on homepage and I search for specific name" classname="Search for specific client name" time="52.091">
    <system-out><![CDATA[
@order2 @add30SecondWait
Scenario: I am on homepage and I search for specific name &amp#27;[90m# src/test/resources/Features/2test_ATOsearchClientName.feature:4&amp#27;[0m
Running before each scenario
Running after each scenario
Running before each step
clientSearchPage titleAgent home | Australian Taxation Office
  &amp#27;[32mGiven &amp#27;[0m&amp#27;[32mI am on home page&amp#27;[0m                                 &amp#27;[90m# StepDefinition.ATOSearchClientNameStep.i_am_on_home_page()&amp#27;[0m
Running before each step
  &amp#27;[32mWhen &amp#27;[0m&amp#27;[32mI enter client name in search box&amp#27;[0m                  &amp#27;[90m# StepDefinition.ATOSearchClientNameStep.i_enter_client_name_in_search_box()&amp#27;[0m
Running before each step
  &amp#27;[32mAnd &amp#27;[0m&amp#27;[32mI press enter keyword&amp#27;[0m                               &amp#27;[90m# StepDefinition.ATOSearchClientNameStep.i_press_enter_keyword()&amp#27;[0m
Running before each step
client summay page titleHome | Australian Taxation Office
  &amp#27;[32mThen &amp#27;[0m&amp#27;[32mI should land on client home screen&amp#27;[0m                &amp#27;[90m# StepDefinition.ATOSearchClientNameStep.i_should_land_on_client_home_screen()&amp#27;[0m
Running before each step
  &amp#27;[32mWhen &amp#27;[0m&amp#27;[32mI go to Lodgments&amp#27;[0m                                  &amp#27;[90m# StepDefinition.ATOSearchClientNameStep.i_go_to_lodgments()&amp#27;[0m
Running before each step
  &amp#27;[32mAnd &amp#27;[0m&amp#27;[32mSelect Activity statements&amp#27;[0m                          &amp#27;[90m# StepDefinition.ATOSearchClientNameStep.select_activity_statements()&amp#27;[0m
Running after each scenario
]]></system-out>
  </testcase>
  <testcase name="User serach for specific Quarter" classname="Searching for specific Quarter #1" time="21.838">
    <system-out><![CDATA[
@order3
Scenario: User serach for specific Quarter          &amp#27;[90m# src/test/resources/Features/3test_ATOSelectingQuarterDate.feature:4&amp#27;[0m
Running before each scenario
Running before each step
ATOSelectingQuarterDatePage titleActivity statements | Australian Taxation Office
  &amp#27;[32mGiven &amp#27;[0m&amp#27;[32mClient Activity statements&amp#27;[0m                  &amp#27;[90m# StepDefinition.ATOSelectingQuarterDateSteps.client_activity_statements()&amp#27;[0m
Running before each step
  &amp#27;[32mWhen &amp#27;[0m&amp#27;[32muser click on History Button&amp#27;[0m                 &amp#27;[90m# StepDefinition.ATOSelectingQuarterDateSteps.user_click_on_history_button()&amp#27;[0m
Running before each step
  &amp#27;[32mAnd &amp#27;[0m&amp#27;[32mUser click the Filter button&amp#27;[0m                  &amp#27;[90m# StepDefinition.ATOSelectingQuarterDateSteps.user_click_the_filter_button()&amp#27;[0m
Running before each step
  &amp#27;[32mAnd &amp#27;[0m&amp#27;[32mUser enter the From date as provided in excel&amp#27;[0m &amp#27;[90m# StepDefinition.ATOSelectingQuarterDateSteps.user_enter_the_from_date_as_provided_in_excel()&amp#27;[0m
Running before each step
  &amp#27;[32mAnd &amp#27;[0m&amp#27;[32mUser enter the To date as provided in excel&amp#27;[0m   &amp#27;[90m# StepDefinition.ATOSelectingQuarterDateSteps.user_enter_the_to_date_as_provided_in_excel()&amp#27;[0m
Running before each step
  &amp#27;[32mAnd &amp#27;[0m&amp#27;[32mUser click the Filter button again&amp#27;[0m            &amp#27;[90m# StepDefinition.ATOSelectingQuarterDateSteps.user_click_the_filter_button_again()&amp#27;[0m
Running after each scenario
]]></system-out>
  </testcase>
  <testcase name="User want to extract the values for JULY Quarter" classname="Extracting data values from a Quarter" time="55.65">
    <system-out><![CDATA[
@order4
Scenario: User want to extract the values for JULY Quarter &amp#27;[90m# src/test/resources/Features/4test_ATOExtractingBASValues.feature:4&amp#27;[0m
Running before each scenario
Running before each step
ATOExtractingBASValuesPage titleActivity statements | Australian Taxation Office
  &amp#27;[32mGiven &amp#27;[0m&amp#27;[32mAll the filtered Quarter are visible to user&amp#27;[0m       &amp#27;[90m# StepDefinition.ATOExtractingBASValuesSteps.all_the_filtered_quarter_are_visible_to_user()&amp#27;[0m
Running before each step
[com.asis.QuaterData@46e3559f]

  &amp#27;[32mWhen &amp#27;[0m&amp#27;[32muser click on July Quarter&amp#27;[0m                          &amp#27;[90m# StepDefinition.ATOExtractingBASValuesSteps.user_click_on_quarter()&amp#27;[0m
Running before each step
quarter statement
  &amp#27;[32mThen &amp#27;[0m&amp#27;[32mJuly Quarter will get open&amp#27;[0m                          &amp#27;[90m# StepDefinition.ATOExtractingBASValuesSteps.july_quarter_will_get_open()&amp#27;[0m
Running before each step
ATOExtractingBASValuesPage titleActivity statements | Australian Taxation Office
  &amp#27;[32mGiven &amp#27;[0m&amp#27;[32mAll the filtered Quarters are visible to user&amp#27;[0m      &amp#27;[90m# StepDefinition.ATOExtractingBASValuesSteps.all_the_filtered_quarters_are_visible_to_user()&amp#27;[0m
Running before each step

  &amp#27;[32mWhen &amp#27;[0m&amp#27;[32muser click on October Quarter&amp#27;[0m                       &amp#27;[90m# StepDefinition.ATOExtractingBASValuesSteps.user_click_on_october_quarter()&amp#27;[0m
Running before each step
quarter statement
  &amp#27;[32mThen &amp#27;[0m&amp#27;[32mOctober Quarter will get open&amp#27;[0m                       &amp#27;[90m# StepDefinition.ATOExtractingBASValuesSteps.october_quarter_will_get_open()&amp#27;[0m
Running before each step
ATOExtractingBASValuesPage titleActivity statements | Australian Taxation Office
  &amp#27;[32mGiven &amp#27;[0m&amp#27;[32mAll the filtered Quarter are visible to the user&amp#27;[0m   &amp#27;[90m# StepDefinition.ATOExtractingBASValuesSteps.all_the_filtered_quarter_are_visible_to_the_user()&amp#27;[0m
Running before each step

  &amp#27;[32mWhen &amp#27;[0m&amp#27;[32muser click on January Quarter&amp#27;[0m                       &amp#27;[90m# StepDefinition.ATOExtractingBASValuesSteps.user_click_on_january_quarter()&amp#27;[0m
Running before each step
quarter statement
  &amp#27;[32mThen &amp#27;[0m&amp#27;[32mJanuary Quarter will get open&amp#27;[0m                       &amp#27;[90m# StepDefinition.ATOExtractingBASValuesSteps.january_quarter_will_get_open()&amp#27;[0m
Running before each step
ATOExtractingBASValuesPage titleActivity statements | Australian Taxation Office
  &amp#27;[32mGiven &amp#27;[0m&amp#27;[32mAll the filtered Quarters are visible to the user&amp#27;[0m  &amp#27;[90m# StepDefinition.ATOExtractingBASValuesSteps.all_the_filtered_quarters_are_visible_to_the_user()&amp#27;[0m
Running before each step

  &amp#27;[32mWhen &amp#27;[0m&amp#27;[32muser click on April Quarter&amp#27;[0m                         &amp#27;[90m# StepDefinition.ATOExtractingBASValuesSteps.user_click_on_april_quarter()&amp#27;[0m
Running before each step
quarter statement
  &amp#27;[32mThen &amp#27;[0m&amp#27;[32mApril Quarter will get open&amp#27;[0m                         &amp#27;[90m# StepDefinition.ATOExtractingBASValuesSteps.april_quarter_will_get_open()&amp#27;[0m
Running after each scenario
]]></system-out>
  </testcase>
  <testcase name="User is on client Home page" classname="Extracting ICA Statement" time="54.022">
    <system-out><![CDATA[
@order5
Scenario: User is on client Home page                                        &amp#27;[90m# src/test/resources/Features/5test_ATOFetchingICAStatement.feature:4&amp#27;[0m
Running before each scenario
Running before each step
fetchICAStatement titleActivity statements | Australian Taxation Office
  &amp#27;[32mGiven &amp#27;[0m&amp#27;[32muser is on client home page and want to extract ICA statement&amp#27;[0m        &amp#27;[90m# StepDefinition.ATOFetchingICAStatementSteps.user_is_on_client_home_page_and_want_to_extract_ica_statement()&amp#27;[0m
Running before each step
  &amp#27;[32mWhen &amp#27;[0m&amp#27;[32mUser click on Accounts and payments&amp#27;[0m                                   &amp#27;[90m# StepDefinition.ATOFetchingICAStatementSteps.user_click_on_accounts_and_payments()&amp#27;[0m
Running before each step
  &amp#27;[32mThen &amp#27;[0m&amp#27;[32mUser get menu bar&amp#27;[0m                                                     &amp#27;[90m# StepDefinition.ATOFetchingICAStatementSteps.user_get_menu_bar()&amp#27;[0m
Running before each step
  &amp#27;[32mWhen &amp#27;[0m&amp#27;[32mUser click on Activity Statement&amp#27;[0m                                      &amp#27;[90m# StepDefinition.ATOFetchingICAStatementSteps.user_click_on_activity_statement()&amp#27;[0m
Running before each step
  &amp#27;[32mThen &amp#27;[0m&amp#27;[32mUser click on filter&amp#27;[0m                                                  &amp#27;[90m# StepDefinition.ATOFetchingICAStatementSteps.user_click_on_filter()&amp#27;[0m
Running before each step
  &amp#27;[32mAnd &amp#27;[0m&amp#27;[32mUser clear from  date box and enter the From date as provided in excel&amp#27;[0m &amp#27;[90m# StepDefinition.ATOFetchingICAStatementSteps.user_clear_from_date_box_and_enter_the_from_date_as_provided_in_excel()&amp#27;[0m
Running before each step
  &amp#27;[32mThen &amp#27;[0m&amp#27;[32mUser clear the To box and enter the To date as provided in excel&amp#27;[0m      &amp#27;[90m# StepDefinition.ATOFetchingICAStatementSteps.user_clear_the_to_box_and_enter_the_to_date_as_provided_in_excel()&amp#27;[0m
Running before each step
  &amp#27;[32mWhen &amp#27;[0m&amp#27;[32mUser click the Submit button&amp#27;[0m                                          &amp#27;[90m# StepDefinition.ATOFetchingICAStatementSteps.user_click_the_submit_button()&amp#27;[0m
Running before each step
  &amp#27;[32mThen &amp#27;[0m&amp#27;[32mUser click on PrintFriendlyVersion&amp#27;[0m                                    &amp#27;[90m# StepDefinition.ATOFetchingICAStatementSteps.user_click_on_print_friendly_version()&amp#27;[0m
Running before each step
  &amp#27;[32mAnd &amp#27;[0m&amp#27;[32mUser direct to new tab&amp#27;[0m                                                 &amp#27;[90m# StepDefinition.ATOFetchingICAStatementSteps.user_direct_to_new_tab()&amp#27;[0m
Running before each step
  &amp#27;[32mAnd &amp#27;[0m&amp#27;[32mUser Extract activity statement&amp#27;[0m                                        &amp#27;[90m# StepDefinition.ATOFetchingICAStatementSteps.user_extract_activity_statement()&amp#27;[0m
Running before each step
  &amp#27;[32mAnd &amp#27;[0m&amp#27;[32muser close the tab&amp#27;[0m                                                     &amp#27;[90m# StepDefinition.ATOFetchingICAStatementSteps.user_close_the_tab()&amp#27;[0m
Running after each scenario
]]></system-out>
  </testcase>
  <testcase name="close the ATO Portal" classname="close the ATO Portal" time="9.291">
    <system-out><![CDATA[
@order6
Scenario: close the ATO Portal      &amp#27;[90m# src/test/resources/Features/6test_CloseATOProtal.feature:4&amp#27;[0m
Running before each scenario
Running before each step
closingATOPage titleAccount transaction list | Australian Taxation Office Online Services
  &amp#27;[32mGiven &amp#27;[0m&amp#27;[32mUser done with the ATO data&amp#27;[0m &amp#27;[90m# StepDefinition.closingAtoSteps.user_done_with_the_ATO_data()&amp#27;[0m
Running before each step
  &amp#27;[32mWhen &amp#27;[0m&amp#27;[32mUser close the browser&amp#27;[0m       &amp#27;[90m# StepDefinition.closingAtoSteps.user_close_the_browser()&amp#27;[0m
Running after each scenario
]]></system-out>
  </testcase>
  <testcase name="Verify user is on Login Page" classname="Verify User is able to do login #2" time="26.401">
    <system-out><![CDATA[
@order1 @readXEROExcel
Scenario: Verify user is on Login Page             &amp#27;[90m# src/test/resources/Features/7test_XeroLogin.feature:4&amp#27;[0m
Running before each scenario
Reading xero excel 
{To date=30-Jun-2023, From date=01-Jul-2022, Security_qs2=What is your dream car?, Security_qa2_answer=Fortuna1, Security_qa1_answer=Fortuna, Security_qa3_answer=Fortuna2, Security_qa1=What is your dream job?, Security_qs3=What was the name of your first pet?}
Running before each step
  &amp#27;[32mGiven &amp#27;[0m&amp#27;[32mUser user is on Login Page&amp#27;[0m                 &amp#27;[90m# StepDefinition.XeroLoginStep.user_user_is_on_login_page()&amp#27;[0m
Running before each step
  &amp#27;[32mWhen &amp#27;[0m&amp#27;[32muser enter email&amp#27;[0m                            &amp#27;[90m# StepDefinition.XeroLoginStep.user_enter_email()&amp#27;[0m
Running before each step
  &amp#27;[32mAnd &amp#27;[0m&amp#27;[32muser enter password&amp#27;[0m                          &amp#27;[90m# StepDefinition.XeroLoginStep.user_enter_password()&amp#27;[0m
Running before each step
  &amp#27;[32mThen &amp#27;[0m&amp#27;[32mclick on xero login button&amp#27;[0m                  &amp#27;[90m# StepDefinition.XeroLoginStep.click_on_xero_login_button()&amp#27;[0m
Running before each step
  &amp#27;[32mWhen &amp#27;[0m&amp#27;[32muser click on another authentication method&amp#27;[0m &amp#27;[90m# StepDefinition.XeroLoginStep.user_click_on_another_authentication_method()&amp#27;[0m
Running before each step
  &amp#27;[32mAnd &amp#27;[0m&amp#27;[32mclick on security Questions&amp#27;[0m                  &amp#27;[90m# StepDefinition.XeroLoginStep.click_on_security_questions()&amp#27;[0m
Running after each scenario
]]></system-out>
    <system-err><![CDATA[Mar 13, 2024 5:31:44 PM org.openqa.selenium.devtools.CdpVersionFinder findNearestMatch
WARNING: Unable to find an exact match for CDP version 122, returning the closest version; found: 121; Please update to a Selenium version that supports CDP version 122
]]></system-err>
  </testcase>
  <testcase name="Verify user able to pass security Answer" classname="Verify User is able to do login by passing security questions" time="12.33">
    <system-out><![CDATA[
@order2
Scenario: Verify user able to pass security Answer &amp#27;[90m# src/test/resources/Features/8test_XeroSecurityQuestion.feature:4&amp#27;[0m
Running before each scenario
Running before each step
at securityquestion
  &amp#27;[32mGiven &amp#27;[0m&amp#27;[32mUser wants to enter security ans&amp#27;[0m           &amp#27;[90m# StepDefinition.XeroSecurityQuestionSteps.user_wants_to_enter_security_ans()&amp#27;[0m
Running before each step
  &amp#27;[32mWhen &amp#27;[0m&amp#27;[32muser enter security question ans&amp#27;[0m            &amp#27;[90m# StepDefinition.XeroSecurityQuestionSteps.user_enter_security_question_ans()&amp#27;[0m
Running before each step
  &amp#27;[32mThen &amp#27;[0m&amp#27;[32muser subit the Answer&amp#27;[0m                       &amp#27;[90m# StepDefinition.XeroSecurityQuestionSteps.user_subit_the_answer()&amp#27;[0m
Running after each scenario
]]></system-out>
  </testcase>
  <testcase name="User serach for specific Quarter" classname="Searching for specific Quarter #2" time="32.78">
    <system-out><![CDATA[
@order3
Scenario: User serach for specific Quarter       &amp#27;[90m# src/test/resources/Features/9test_XeroSelectingQuarterDate.feature:4&amp#27;[0m
Running before each scenario
Running before each step
XeroSelectingQuarterDatePage titleDashboard – Xero
  &amp#27;[32mGiven &amp#27;[0m&amp#27;[32muser is on client home page&amp#27;[0m              &amp#27;[90m# StepDefinition.XeroSelectingQuarterDateSteps.user_is_on_client_home_page()&amp#27;[0m
Running before each step
  &amp#27;[32mWhen &amp#27;[0m&amp#27;[32muser click on Accounting button&amp#27;[0m           &amp#27;[90m# StepDefinition.XeroSelectingQuarterDateSteps.user_click_on_accounting_button()&amp#27;[0m
Running before each step
  &amp#27;[32mAnd &amp#27;[0m&amp#27;[32mUser click on activity statement&amp#27;[0m           &amp#27;[90m# StepDefinition.XeroSelectingQuarterDateSteps.user_click_on_activity_statement()&amp#27;[0m
Running before each step
XeroSelectingQuarterDatePage titleXero | Business Activity Statement | B&N Electrical Services PTY LTD
  &amp#27;[32mThen &amp#27;[0m&amp#27;[32muser is on client Activity statement page&amp#27;[0m &amp#27;[90m# StepDefinition.XeroSelectingQuarterDateSteps.user_is_on_client_activity_statement_page()&amp#27;[0m
Running before each step
  &amp#27;[32mAnd &amp#27;[0m&amp#27;[32mUser enter the From date on Xero software&amp#27;[0m  &amp#27;[90m# StepDefinition.XeroSelectingQuarterDateSteps.user_enter_the_from_date_on_xero_software()&amp#27;[0m
Running before each step
  &amp#27;[32mAnd &amp#27;[0m&amp#27;[32mUser enter the To date on Xero software&amp#27;[0m    &amp#27;[90m# StepDefinition.XeroSelectingQuarterDateSteps.user_enter_the_to_date_on_xero_software()&amp#27;[0m
Running before each step
  &amp#27;[32mAnd &amp#27;[0m&amp#27;[32mUser click the update button again&amp#27;[0m         &amp#27;[90m# StepDefinition.XeroSelectingQuarterDateSteps.user_click_the_update_button_again()&amp#27;[0m
Running after each scenario
]]></system-out>
  </testcase>
  <testcase name="User want to extract client Activity statement page" classname="Extract the Activity statement values from xero software" time="9.121">
    <system-out><![CDATA[
@order4
Scenario: User want to extract client Activity statement page               &amp#27;[90m# src/test/resources/Features/test1_XeroGetQuarterValues.feature:4&amp#27;[0m
Running before each scenario
Running before each step
  &amp#27;[32mGiven &amp#27;[0m&amp#27;[32muser is on clien Activity statement page&amp#27;[0m                            &amp#27;[90m# StepDefinition.XeroGetQuarterValuesSteps.user_is_on_clien_activity_statement_page()&amp#27;[0m
Running before each step
  &amp#27;[32mThen &amp#27;[0m&amp#27;[32muser extract the A1 B1 G1 Values from client activity statement page&amp#27;[0m &amp#27;[90m# StepDefinition.XeroGetQuarterValuesSteps.user_extract_the_a1_b1_g1_values_from_client_activity_statement_page()&amp#27;[0m
Running after each scenario
]]></system-out>
  </testcase>
  <testcase name="User want to extract Aged Recievable summary values" classname="Extract the Aged Recievable summary values from xero software" time="36.076">
    <system-out><![CDATA[
@order6
Scenario: User want to extract Aged Recievable summary values                                                  &amp#27;[90m# src/test/resources/Features/test2_XeroExtractingAgedRecievableSummary.feature:4&amp#27;[0m
Running before each scenario
Running before each step
XeroAgedRecievableSummaryPage titleXero | Business Activity Statement | B&N Electrical Services PTY LTD
  &amp#27;[32mGiven &amp#27;[0m&amp#27;[32muser is on client Aged Recievable summary page&amp#27;[0m                                                         &amp#27;[90m# StepDefinition.XeroAgedRecievableSummarySteps.user_is_on_client_aged_recievable_summary_page()&amp#27;[0m
Running before each step
  &amp#27;[32mWhen &amp#27;[0m&amp#27;[32mUser click on accounting button&amp#27;[0m                                                                         &amp#27;[90m# StepDefinition.XeroAgedRecievableSummarySteps.user_click_on_accounting_button()&amp#27;[0m
Running before each step
  &amp#27;[32mWhen &amp#27;[0m&amp#27;[32mUser click on aged Recievable summary button&amp#27;[0m                                                            &amp#27;[90m# StepDefinition.XeroAgedRecievableSummarySteps.user_click_on_aged_recievable_summary_button()&amp#27;[0m
Running before each step
  &amp#27;[32mWhen &amp#27;[0m&amp#27;[32mUser click on column to select the outstanding gst button&amp#27;[0m                                               &amp#27;[90m# StepDefinition.XeroAgedRecievableSummarySteps.user_click_on_column_to_select_the_outstanding_gst_button()&amp#27;[0m
Running before each step
  &amp#27;[32mWhen &amp#27;[0m&amp#27;[32mUser click on outstanding gst button&amp#27;[0m                                                                    &amp#27;[90m# StepDefinition.XeroAgedRecievableSummarySteps.user_click_on_outstanding_gst_button()&amp#27;[0m
Running before each step
  &amp#27;[32mWhen &amp#27;[0m&amp#27;[32mUser click on end of month button&amp#27;[0m                                                                       &amp#27;[90m# StepDefinition.XeroAgedRecievableSummarySteps.user_click_on_end_of_month_button()&amp#27;[0m
Running before each step
  &amp#27;[32mWhen &amp#27;[0m&amp#27;[32mUser click on last financial year button&amp#27;[0m                                                                &amp#27;[90m# StepDefinition.XeroAgedRecievableSummarySteps.user_click_on_last_financial_year_button()&amp#27;[0m
Running before each step
  &amp#27;[32mWhen &amp#27;[0m&amp#27;[32mUser click on update button&amp#27;[0m                                                                             &amp#27;[90m# StepDefinition.XeroAgedRecievableSummarySteps.user_click_on_update_button()&amp#27;[0m
Running before each step
0.0
Add: GST on Debtors
  &amp#27;[32mThen &amp#27;[0m&amp#27;[32mUser check if the Aged Recievable summary exist then the Recievable value is mentioned on web else Zero&amp#27;[0m &amp#27;[90m# StepDefinition.XeroAgedRecievableSummarySteps.user_check_if_the_aged_recievable_summary_exist_then_the_recievable_value_is_mentioned_on_web_else_zero()&amp#27;[0m
Running after each scenario
]]></system-out>
  </testcase>
  <testcase name="User want to extract Aged payable summary values" classname="Extract the Aged payable summary values from xero software" time="34.762">
    <system-out><![CDATA[
@order5
Scenario: User want to extract Aged payable summary values                                               &amp#27;[90m# src/test/resources/Features/test3_XeroExtractingAgedPayableValues.feature:4&amp#27;[0m
Running before each scenario
Running before each step
XeroAgedPayableSummaryPage titleXero | Aged Receivables Summary | B&N Electrical Services PTY LTD
  &amp#27;[32mGiven &amp#27;[0m&amp#27;[32muser is on client Aged payable summary page&amp#27;[0m                                                      &amp#27;[90m# StepDefinition.XeroAgedPayableSummarySteps.user_is_on_client_aged_payable_summary_page()&amp#27;[0m
Running before each step
  &amp#27;[32mWhen &amp#27;[0m&amp#27;[32muser click on accounting button&amp#27;[0m                                                                   &amp#27;[90m# StepDefinition.XeroAgedPayableSummarySteps.user_click_on_accounting_button()&amp#27;[0m
Running before each step
  &amp#27;[32mWhen &amp#27;[0m&amp#27;[32muser click on aged payable summary button&amp#27;[0m                                                         &amp#27;[90m# StepDefinition.XeroAgedPayableSummarySteps.user_click_on_aged_payable_summary_button()&amp#27;[0m
Running before each step
  &amp#27;[32mWhen &amp#27;[0m&amp#27;[32muser click on column to select the outstanding gst button&amp#27;[0m                                         &amp#27;[90m# StepDefinition.XeroAgedPayableSummarySteps.user_click_on_column_to_select_the_outstanding_gst_button()&amp#27;[0m
Running before each step
  &amp#27;[32mWhen &amp#27;[0m&amp#27;[32muser click on outstanding gst button&amp#27;[0m                                                              &amp#27;[90m# StepDefinition.XeroAgedPayableSummarySteps.user_click_on_outstanding_gst_button()&amp#27;[0m
Running before each step
  &amp#27;[32mWhen &amp#27;[0m&amp#27;[32muser click on end of month button&amp#27;[0m                                                                 &amp#27;[90m# StepDefinition.XeroAgedPayableSummarySteps.user_click_on_end_of_month_button()&amp#27;[0m
Running before each step
  &amp#27;[32mWhen &amp#27;[0m&amp#27;[32muser click on last financial year button&amp#27;[0m                                                          &amp#27;[90m# StepDefinition.XeroAgedPayableSummarySteps.user_click_on_last_financial_year_button()&amp#27;[0m
Running before each step
  &amp#27;[32mWhen &amp#27;[0m&amp#27;[32muser click on update button&amp#27;[0m                                                                       &amp#27;[90m# StepDefinition.XeroAgedPayableSummarySteps.user_click_on_update_button()&amp#27;[0m
Running before each step
  &amp#27;[32mThen &amp#27;[0m&amp#27;[32muser check if the Aged payable summary exist then the payable value is mentioned on web else Zero&amp#27;[0m &amp#27;[90m# StepDefinition.XeroAgedPayableSummarySteps.user_check_if_the_aged_payable_summary_exist_then_the_payable_value_is_mentioned_on_web_else_zero()&amp#27;[0m
Running after each scenario
]]></system-out>
  </testcase>
  <testcase name="User want to extract Balance Sheet Values" classname="Extract the Balance Sheet Values from xero software" time="19.648">
    <system-out><![CDATA[
@order7
Scenario: User want to extract Balance Sheet Values       &amp#27;[90m# src/test/resources/Features/test4_XeroBalanceSheet.feature:4&amp#27;[0m
Running before each scenario
Running before each step
XeroBalanceSheetPage titleXero | Aged Payables Summary | B&N Electrical Services PTY LTD
  &amp#27;[32mGiven &amp#27;[0m&amp#27;[32mUser is on client Aged Recievable summary page&amp#27;[0m    &amp#27;[90m# StepDefinition.XeroBalanceSheetSteps.user_is_on_client_aged_recievable_summary_page()&amp#27;[0m
Running before each step
  &amp#27;[32mWhen &amp#27;[0m&amp#27;[32mUser click on the accounting button&amp#27;[0m                &amp#27;[90m# StepDefinition.XeroBalanceSheetSteps.user_click_on_the_accounting_button()&amp#27;[0m
Running before each step
  &amp#27;[32mAnd &amp#27;[0m&amp#27;[32muser click on Balance Sheet button&amp#27;[0m                  &amp#27;[90m# StepDefinition.XeroBalanceSheetSteps.user_click_on_balance_sheet_button()&amp#27;[0m
Running before each step
Printing LAST_TABLE_DATA [{June BAS=32316.0}, {Add: GST on Debtors=0.0}, {Less: GST on Creditors=0.0}, {Total=32316.0}]
66162.57
5
Printing upadatd LAST_TABLE_DATA [{June BAS=32316.0}, {Add: GST on Debtors=0.0}, {Less: GST on Creditors=0.0}, {Total=32316.0}, {GST as per Balance sheet=66162.57}]
Printing upadatd LAST_TABLE_DATA [{June BAS=32316.0}, {Add: GST on Debtors=0.0}, {Less: GST on Creditors=0.0}, {Total=32316.0}, {GST as per Balance sheet=66162.57}, {Total - GST as per balance sheet=-33846.57000000001}]
  &amp#27;[32mThen &amp#27;[0m&amp#27;[32muser extract the GST value from balance sheet page&amp#27;[0m &amp#27;[90m# StepDefinition.XeroBalanceSheetSteps.user_extract_the_gst_value_from_balance_sheet_page()&amp#27;[0m
Running after each scenario
]]></system-out>
  </testcase>
  <testcase name="User want to extract the GST Reconciliation statement of client" classname="Extracting GST Reconicliatio values" time="23.047">
    <system-out><![CDATA[
@orde8
Scenario: User want to extract the GST Reconciliation statement of client &amp#27;[90m# src/test/resources/Features/test5_XeroGSTReconciliation.feature:4&amp#27;[0m
Running before each scenario
Running before each step
XeroGSTReconciliationPage titleXero | Balance Sheet | B&N Electrical Services PTY LTD
  &amp#27;[32mGiven &amp#27;[0m&amp#27;[32mUser is on Balance Sheet page of client&amp#27;[0m                           &amp#27;[90m# StepDefinition.XeroGSTReconciliationSteps.user_is_on_balance_sheet_page_of_client()&amp#27;[0m
Running before each step
  &amp#27;[32mWhen &amp#27;[0m&amp#27;[32muser click on the Accounting Button&amp#27;[0m                                &amp#27;[90m# StepDefinition.XeroGSTReconciliationSteps.user_click_on_the_accounting_button()&amp#27;[0m
Running before each step
  &amp#27;[32mAnd &amp#27;[0m&amp#27;[32mUser click the GST Reconciliation Button&amp#27;[0m                            &amp#27;[90m# StepDefinition.XeroGSTReconciliationSteps.user_click_the_gst_reconciliation_button()&amp#27;[0m
Running before each step
  &amp#27;[32mThen &amp#27;[0m&amp#27;[32mUser click on export Drop down Button&amp#27;[0m                              &amp#27;[90m# StepDefinition.XeroGSTReconciliationSteps.user_click_on_export_drop_down_button()&amp#27;[0m
Running before each step
  &amp#27;[32mAnd &amp#27;[0m&amp#27;[32mUser click on excel option&amp#27;[0m                                          &amp#27;[90m# StepDefinition.XeroGSTReconciliationSteps.user_click_on_excel_option()&amp#27;[0m
Running after each scenario
]]></system-out>
  </testcase>
  <testcase name="User found the data" classname="Genrating the final excel" time="9.121">
    <system-out><![CDATA[
Scenario: User found the data     &amp#27;[90m# src/test/resources/Features/test6_GenratingExcel.feature:3&amp#27;[0m
Running before each scenario
Running before each step
3
550206
  &amp#27;[32mGiven &amp#27;[0m&amp#27;[32mUser end with the process&amp#27;[0m &amp#27;[90m# StepDefinition.GenrateExcel.user_end_with_the_process()&amp#27;[0m
Running before each step
Inside generating excel
start_row 6
Jun
start_row 7
Jul
start_row 8
Aug
start_row 9
Sept
start_row 10
Oct
start_row 11
Nov
start_row 12
Dec
start_row 13
Jan
start_row 14
Feb
start_row 15
Mar
start_row 16
Apr
start_row 17
May
start_row 18
Jun
start_row for total 20
start_row xero data20
As per the book
start_row xero data21
Variance
start_row xero data22
BAS to be relodged for Period ended Jun 23
  &amp#27;[32mThen &amp#27;[0m&amp#27;[32mGenrating the final excel&amp#27;[0m  &amp#27;[90m# StepDefinition.GenrateExcel.genrating_the_final_excel()&amp#27;[0m
Running after each scenario
]]></system-out>
  </testcase>
</testsuite>